<?xml version="1.0" encoding="UTF-8"?>
<!-- Generated by org.testng.reporters.JUnitXMLReporter -->
<testsuite ignored="0" hostname="DIGITAL-0167" failures="0" tests="14" name="Default test" time="95.742" errors="0" timestamp="2023-02-08T17:55:26 IST">
  <testcase classname="Runner_Lib.Excel_Run" name="slug" time="10.978"/>
  <testcase classname="Runner_Lib.Excel_Run" name="slug" time="15.494"/>
  <testcase classname="Runner_Lib.Excel_Run" name="slug" time="6.128"/>
  <testcase classname="Runner_Lib.Excel_Run" name="slug" time="5.875"/>
  <testcase classname="Runner_Lib.Excel_Run" name="slug" time="4.549"/>
  <testcase classname="Runner_Lib.Excel_Run" name="slug" time="5.699"/>
  <testcase classname="Runner_Lib.Excel_Run" name="slug" time="5.128"/>
  <testcase classname="Runner_Lib.Excel_Run" name="slug" time="6.024"/>
  <testcase classname="Runner_Lib.Excel_Run" name="slug" time="5.051"/>
  <testcase classname="Runner_Lib.Excel_Run" name="slug" time="4.254"/>
  <testcase classname="Runner_Lib.Excel_Run" name="slug" time="5.793"/>
  <testcase classname="Runner_Lib.Excel_Run" name="slug" time="3.786"/>
  <testcase classname="Runner_Lib.Excel_Run" name="slug" time="5.8"/>
  <testcase classname="Runner_Lib.Excel_Run" name="slug" time="4.717"/>
</testsuite> <!-- Default test -->
