<?xml version="1.0" encoding="UTF-8"?>
<testng-results ignored="0" total="14" passed="14" failed="0" skipped="0">
  <reporter-output>
  </reporter-output>
  <suite started-at="2023-02-08T17:53:51 IST" name="Default suite" finished-at="2023-02-08T17:55:26 IST" duration-ms="95742">
    <groups>
    </groups>
    <test started-at="2023-02-08T17:53:51 IST" name="Default test" finished-at="2023-02-08T17:55:26 IST" duration-ms="95742">
      <class name="Runner_Lib.Excel_Run">
        <test-method is-config="true" signature="launch()[pri:0, instance:Runner_Lib.Excel_Run@742ff096]" started-at="2023-02-08T17:53:51 IST" name="launch" finished-at="2023-02-08T17:53:56 IST" duration-ms="5513" status="PASS">
          <reporter-output>
          </reporter-output>
        </test-method> <!-- launch -->
        <test-method signature="slug(java.lang.String,java.lang.String)[pri:0, instance:Runner_Lib.Excel_Run@742ff096]" started-at="2023-02-08T17:53:57 IST" name="slug" data-provider="getTestData" finished-at="2023-02-08T17:54:08 IST" duration-ms="10978" status="PASS">
          <params>
            <param index="0">
              <value>
                <![CDATA[1]]>
              </value>
            </param>
            <param index="1">
              <value>
                <![CDATA[https://beta.shriram.com/]]>
              </value>
            </param>
          </params>
          <reporter-output>
          </reporter-output>
        </test-method> <!-- slug -->
        <test-method signature="slug(java.lang.String,java.lang.String)[pri:0, instance:Runner_Lib.Excel_Run@742ff096]" started-at="2023-02-08T17:54:08 IST" name="slug" data-provider="getTestData" finished-at="2023-02-08T17:54:24 IST" duration-ms="15494" status="PASS">
          <params>
            <param index="0">
              <value>
                <![CDATA[2]]>
              </value>
            </param>
            <param index="1">
              <value>
                <![CDATA[https://www.shriramfinance.in/article-advantages-and-disadvantages-of-recurring-deposit-account/]]>
              </value>
            </param>
          </params>
          <reporter-output>
          </reporter-output>
        </test-method> <!-- slug -->
        <test-method signature="slug(java.lang.String,java.lang.String)[pri:0, instance:Runner_Lib.Excel_Run@742ff096]" started-at="2023-02-08T17:54:24 IST" name="slug" data-provider="getTestData" finished-at="2023-02-08T17:54:30 IST" duration-ms="6128" status="PASS">
          <params>
            <param index="0">
              <value>
                <![CDATA[3]]>
              </value>
            </param>
            <param index="1">
              <value>
                <![CDATA[https://www.shriramfinance.in/article-loan-for-women-entrepreneurs/]]>
              </value>
            </param>
          </params>
          <reporter-output>
          </reporter-output>
        </test-method> <!-- slug -->
        <test-method signature="slug(java.lang.String,java.lang.String)[pri:0, instance:Runner_Lib.Excel_Run@742ff096]" started-at="2023-02-08T17:54:30 IST" name="slug" data-provider="getTestData" finished-at="2023-02-08T17:54:36 IST" duration-ms="5875" status="PASS">
          <params>
            <param index="0">
              <value>
                <![CDATA[4]]>
              </value>
            </param>
            <param index="1">
              <value>
                <![CDATA[https://www.shriramfinance.in/article-two-wheeler-loan-maximum-tenure/]]>
              </value>
            </param>
          </params>
          <reporter-output>
          </reporter-output>
        </test-method> <!-- slug -->
        <test-method signature="slug(java.lang.String,java.lang.String)[pri:0, instance:Runner_Lib.Excel_Run@742ff096]" started-at="2023-02-08T17:54:36 IST" name="slug" data-provider="getTestData" finished-at="2023-02-08T17:54:40 IST" duration-ms="4549" status="PASS">
          <params>
            <param index="0">
              <value>
                <![CDATA[5]]>
              </value>
            </param>
            <param index="1">
              <value>
                <![CDATA[https://www.shriramfinance.in/article-premature-withdrawal-of-recurring-deposit/]]>
              </value>
            </param>
          </params>
          <reporter-output>
          </reporter-output>
        </test-method> <!-- slug -->
        <test-method signature="slug(java.lang.String,java.lang.String)[pri:0, instance:Runner_Lib.Excel_Run@742ff096]" started-at="2023-02-08T17:54:40 IST" name="slug" data-provider="getTestData" finished-at="2023-02-08T17:54:46 IST" duration-ms="5699" status="PASS">
          <params>
            <param index="0">
              <value>
                <![CDATA[6]]>
              </value>
            </param>
            <param index="1">
              <value>
                <![CDATA[https://www.shriramfinance.in/article-how-does-business-loan-work/]]>
              </value>
            </param>
          </params>
          <reporter-output>
          </reporter-output>
        </test-method> <!-- slug -->
        <test-method signature="slug(java.lang.String,java.lang.String)[pri:0, instance:Runner_Lib.Excel_Run@742ff096]" started-at="2023-02-08T17:54:46 IST" name="slug" data-provider="getTestData" finished-at="2023-02-08T17:54:51 IST" duration-ms="5128" status="PASS">
          <params>
            <param index="0">
              <value>
                <![CDATA[7]]>
              </value>
            </param>
            <param index="1">
              <value>
                <![CDATA[https://www.shriramfinance.in/article-is-there-any-benefit-of-taking-loan-to-buy-two-wheeler/]]>
              </value>
            </param>
          </params>
          <reporter-output>
          </reporter-output>
        </test-method> <!-- slug -->
        <test-method signature="slug(java.lang.String,java.lang.String)[pri:0, instance:Runner_Lib.Excel_Run@742ff096]" started-at="2023-02-08T17:54:51 IST" name="slug" data-provider="getTestData" finished-at="2023-02-08T17:54:57 IST" duration-ms="6024" status="PASS">
          <params>
            <param index="0">
              <value>
                <![CDATA[8]]>
              </value>
            </param>
            <param index="1">
              <value>
                <![CDATA[https://www.shriramfinance.in/article-two-wheeler-loan-charges-and-processing-fees/]]>
              </value>
            </param>
          </params>
          <reporter-output>
          </reporter-output>
        </test-method> <!-- slug -->
        <test-method signature="slug(java.lang.String,java.lang.String)[pri:0, instance:Runner_Lib.Excel_Run@742ff096]" started-at="2023-02-08T17:54:57 IST" name="slug" data-provider="getTestData" finished-at="2023-02-08T17:55:02 IST" duration-ms="5051" status="PASS">
          <params>
            <param index="0">
              <value>
                <![CDATA[9]]>
              </value>
            </param>
            <param index="1">
              <value>
                <![CDATA[https://www.shriramfinance.in/article-does-shriram-finance-provide-an-emi-calculator/]]>
              </value>
            </param>
          </params>
          <reporter-output>
          </reporter-output>
        </test-method> <!-- slug -->
        <test-method signature="slug(java.lang.String,java.lang.String)[pri:0, instance:Runner_Lib.Excel_Run@742ff096]" started-at="2023-02-08T17:55:02 IST" name="slug" data-provider="getTestData" finished-at="2023-02-08T17:55:06 IST" duration-ms="4254" status="PASS">
          <params>
            <param index="0">
              <value>
                <![CDATA[10]]>
              </value>
            </param>
            <param index="1">
              <value>
                <![CDATA[https://www.shriramfinance.in/article-how-to-get-instant-approvals-on-bike-loan/]]>
              </value>
            </param>
          </params>
          <reporter-output>
          </reporter-output>
        </test-method> <!-- slug -->
        <test-method signature="slug(java.lang.String,java.lang.String)[pri:0, instance:Runner_Lib.Excel_Run@742ff096]" started-at="2023-02-08T17:55:06 IST" name="slug" data-provider="getTestData" finished-at="2023-02-08T17:55:12 IST" duration-ms="5793" status="PASS">
          <params>
            <param index="0">
              <value>
                <![CDATA[11]]>
              </value>
            </param>
            <param index="1">
              <value>
                <![CDATA[https://www.shriramfinance.in/article-are-recurring-deposits-covered-by-insurance/]]>
              </value>
            </param>
          </params>
          <reporter-output>
          </reporter-output>
        </test-method> <!-- slug -->
        <test-method signature="slug(java.lang.String,java.lang.String)[pri:0, instance:Runner_Lib.Excel_Run@742ff096]" started-at="2023-02-08T17:55:12 IST" name="slug" data-provider="getTestData" finished-at="2023-02-08T17:55:16 IST" duration-ms="3786" status="PASS">
          <params>
            <param index="0">
              <value>
                <![CDATA[12]]>
              </value>
            </param>
            <param index="1">
              <value>
                <![CDATA[https://www.shriramfinance.in/article-what-is-the-procedure-of-withdrawing-fd-before-it-matures/]]>
              </value>
            </param>
          </params>
          <reporter-output>
          </reporter-output>
        </test-method> <!-- slug -->
        <test-method signature="slug(java.lang.String,java.lang.String)[pri:0, instance:Runner_Lib.Excel_Run@742ff096]" started-at="2023-02-08T17:55:16 IST" name="slug" data-provider="getTestData" finished-at="2023-02-08T17:55:22 IST" duration-ms="5800" status="PASS">
          <params>
            <param index="0">
              <value>
                <![CDATA[13]]>
              </value>
            </param>
            <param index="1">
              <value>
                <![CDATA[https://www.shriramfinance.in/article-why-you-should-go-for-a-two-wheeler-loan/]]>
              </value>
            </param>
          </params>
          <reporter-output>
          </reporter-output>
        </test-method> <!-- slug -->
        <test-method signature="slug(java.lang.String,java.lang.String)[pri:0, instance:Runner_Lib.Excel_Run@742ff096]" started-at="2023-02-08T17:55:22 IST" name="slug" data-provider="getTestData" finished-at="2023-02-08T17:55:26 IST" duration-ms="4717" status="PASS">
          <params>
            <param index="0">
              <value>
                <![CDATA[14]]>
              </value>
            </param>
            <param index="1">
              <value>
                <![CDATA[https://www.shriramfinance.in/article-what-is-the-quality-of-gold-that-is-accepted-for-gold-loan-collateral/]]>
              </value>
            </param>
          </params>
          <reporter-output>
          </reporter-output>
        </test-method> <!-- slug -->
      </class> <!-- Runner_Lib.Excel_Run -->
    </test> <!-- Default test -->
  </suite> <!-- Default suite -->
</testng-results>
